SOURCE LINE   00347
&N 77_F1_SOE_FREE
              ^
NOT A VALID NAME

SOURCE LINE   00390
&N SCAN_TIME_S
              ^
NOT A VALID NAME

SOURCE LINE   00433
&N XMIT_FAIL_TD
              ^
NOT A VALID NAME
==========     ERRORS  ON  ENTITY    77CF1007      ===========

SOURCE LINE   00482
ASSOCDSP = ""
             ^
MISSING QUOTE

SOURCE LINE   00483
$CDETAIL = ""
             ^
MISSING QUOTE

SOURCE LINE   00488
PRIMMOD = -
          ^
NOT A VALID NAME

SOURCE LINE   00489
PLCADDR = 33003
^
NAMED ITEM DOESN'T EXIST

SOURCE LINE   00490
PVHCAR   = LINEAR
^        ^ ^
NAMED ITEM DOESN'T EXIST
NAMED ITEM DOESN'T EXIST
NAMED ITEM DOESN'T EXIST

SOURCE LINE   00515
CCSRC = 0
^
NAMED ITEM DOESN'T EXIST
"MODNUM   "
MISSING DATA
"PVSRCOPT "
INVALID ENTRY
"$AUXUNIT "
INVALID ENTRY
==========     ERRORS  ON  ENTITY    77CF1008      ===========

SOURCE LINE   00525
ASSOCDSP = ""
             ^
MISSING QUOTE

SOURCE LINE   00526
$CDETAIL = ""
             ^
MISSING QUOTE

SOURCE LINE   00531
PRIMMOD = -
          ^
NOT A VALID NAME

SOURCE LINE   00532
PLCADDR = 33004
^
NAMED ITEM DOESN'T EXIST

SOURCE LINE   00533
PVHCAR   = LINEAR
^        ^ ^
NAMED ITEM DOESN'T EXIST
NAMED ITEM DOESN'T EXIST
NAMED ITEM DOESN'T EXIST

SOURCE LINE   00558
CCSRC = 0
^
NAMED ITEM DOESN'T EXIST
"MODNUM   "
MISSING DATA
"PVSRCOPT "
INVALID ENTRY
"$AUXUNIT "
INVALID ENTRY

